<?xml version="1.0" encoding="UTF-8"?>
<!-- Generated by org.testng.reporters.JUnitReportReporter -->
<testsuite hostname="LAPTOP-3QQ5MNB4" failures="0" tests="1" name="com.voot.Voot" time="16.854" errors="0" timestamp="2022-06-17T11:25:32 IST" skipped="0">
  <testcase classname="com.voot.Voot" name="test" time="16.854"/>
  <system-out/>
</testsuite> <!-- com.voot.Voot -->
